<?xml version="1.0" encoding="UTF-8"?>
<!-- Generated by org.testng.reporters.JUnitXMLReporter -->
<testsuite ignored="0" hostname="ip-172-31-18-244" failures="0" tests="6" name="Test" time="2.256" errors="0" timestamp="04 Feb 2024 17:27:11 GMT">
  <testcase classname="restAPIBDD.APIOperationsTest" name="DeleteOperationWithHashMap" time="1.114"/>
  <testcase classname="restAPIBDD.APIOperationsTest" name="GetOperation" time="0.02"/>
  <testcase classname="restAPIBDD.APIOperationsTest" name="GetOperationWithPathParameters" time="0.529"/>
  <testcase classname="restAPIBDD.APIOperationsTest" name="GetOperationWithQueryParameters" time="0.35"/>
  <testcase classname="restAPIBDD.APIOperationsTest" name="PostOperationWithHashMap" time="0.197"/>
  <testcase classname="restAPIBDD.APIOperationsTest" name="PutOperationWithHashMap" time="0.023"/>
</testsuite> <!-- Test -->
