<?xml version="1.0" encoding="UTF-8"?>
<!-- Generated by org.testng.reporters.JUnitXMLReporter -->
<testsuite ignored="0" hostname="ip-172-31-18-244" failures="0" tests="6" name="Test" time="2.458" errors="0" timestamp="04 Feb 2024 17:43:43 GMT">
  <testcase classname="restAPIBDD.APIOperationsTest" name="DeleteOperationWithHashMap" time="1.316"/>
  <testcase classname="restAPIBDD.APIOperationsTest" name="GetOperation" time="0.026"/>
  <testcase classname="restAPIBDD.APIOperationsTest" name="GetOperationWithPathParameters" time="0.455"/>
  <testcase classname="restAPIBDD.APIOperationsTest" name="GetOperationWithQueryParameters" time="0.367"/>
  <testcase classname="restAPIBDD.APIOperationsTest" name="PostOperationWithHashMap" time="0.245"/>
  <testcase classname="restAPIBDD.APIOperationsTest" name="PutOperationWithHashMap" time="0.029"/>
</testsuite> <!-- Test -->
