<?xml version="1.0" encoding="UTF-8"?>
<testsuite xmlns:xsi="http://www.w3.org/2001/XMLSchema-instance" xsi:noNamespaceSchemaLocation="https://maven.apache.org/surefire/maven-surefire-plugin/xsd/surefire-test-report-3.0.xsd" version="3.0" name="TestSuite" time="3.091" tests="6" errors="0" skipped="0" failures="0">
  <properties>
[...]
</properties>
  <testcase name="DeleteOperationWithHashMap" classname="restAPIBDD.APIOperationsTest" time="1.318">
    <system-out><![CDATA[[TestNGContentHandler] [WARN] It is strongly recommended to add "<!DOCTYPE suite SYSTEM "http://testng.org/testng-1.0.dtd" >" at the top of your file, otherwise TestNG may fail or not work as expected.
{
    "name": "John",
    "id": "10",
    "salary": "10000"
}
]]></system-out>
  </testcase>
  <testcase name="GetOperation" classname="restAPIBDD.APIOperationsTest" time="0.025">
    <system-out><![CDATA[[
    {
        "id": "1",
        "name": "Pankaj",
        "salary": "10000"
    },
    {
        "name": "David",
        "salary": "5000",
        "id": "2"
    },
    {
        "id": "2468",
        "name": "Lakshmi",
        "salary": "8000"
    },
    {
        "id": "2468",
        "name": "Lakshmi",
        "salary": "8000"
    },
    {
        "id": "2468",
        "name": "Lakshmi",
        "salary": "8000"
    },
    {
        "id": "2468",
        "name": "Lakshmi",
        "salary": "8000"
    },
    {
        "id": "5637",
        "name": "Sri",
        "salary": "8000"
    },
    {
        "id": "5637",
        "name": "Sri",
        "salary": "8000"
    },
    {
        "id": "5637",
        "name": "Sri",
        "salary": "8000"
    },
    {
        "id": "3",
        "name": "Rakesh",
        "salary": "7000"
    },
    {
        "id": "6",
        "name": "Raj",
        "salary": "6000"
    }
]
]]></system-out>
  </testcase>
  <testcase name="GetOperationWithPathParameters" classname="restAPIBDD.APIOperationsTest" time="0.455">
    <system-out><![CDATA[{
    "id": "6",
    "name": "Raj",
    "salary": "6000"
}
]]></system-out>
  </testcase>
  <testcase name="GetOperationWithQueryParameters" classname="restAPIBDD.APIOperationsTest" time="0.369">
    <system-out><![CDATA[<html>
  <body>{"result:":{"statements":[{"TRANSACTION_ID":"12","ACCOUNT_NO":"1","DATE_OF_TRANSACTION":"2013-11-16","AMOUNT":"500","TRANSACTION_TYPE":"D","DESCRIPTION":"Initial Deposit"},{"TRANSACTION_ID":"23","ACCOUNT_NO":"1","DATE_OF_TRANSACTION":"2013-11-17","AMOUNT":"14","TRANSACTION_TYPE":"t","DESCRIPTION":"yi Tansfer From 14"},{"TRANSACTION_ID":"25","ACCOUNT_NO":"1","DATE_OF_TRANSACTION":"2013-11-18","AMOUNT":"1","TRANSACTION_TYPE":"t","DESCRIPTION":"hgg Tansfer From 15"},{"TRANSACTION_ID":"49745","ACCOUNT_NO":"1","DATE_OF_TRANSACTION":"2017-04-13","AMOUNT":"0","TRANSACTION_TYPE":"t","DESCRIPTION":"0 Tansfer From 1"},{"TRANSACTION_ID":"94867","ACCOUNT_NO":"1","DATE_OF_TRANSACTION":"2018-11-21","AMOUNT":"500","TRANSACTION_TYPE":"t","DESCRIPTION":"cash Tansfer From 14"}]},"message":{"ErrorCode:":0,"ErrorMsg:":"Success"}}</body>
</html>
]]></system-out>
  </testcase>
  <testcase name="PostOperationWithHashMap" classname="restAPIBDD.APIOperationsTest" time="0.244">
    <system-out><![CDATA[{
    "id": "10",
    "name": "John",
    "salary": "9000"
}
]]></system-out>
  </testcase>
  <testcase name="PutOperationWithHashMap" classname="restAPIBDD.APIOperationsTest" time="0.029">
    <system-out><![CDATA[{
    "name": "John",
    "id": "10",
    "salary": "10000"
}
]]></system-out>
  </testcase>
</testsuite>