<?xml version="1.0" encoding="UTF-8"?>
<testng-results ignored="0" total="1" passed="1" failed="0" skipped="0">
  <reporter-output>
  </reporter-output>
  <suite started-at="2024-02-10T16:04:54Z" name="Default suite" finished-at="2024-02-10T16:04:56Z" duration-ms="1976">
    <groups>
    </groups>
    <test started-at="2024-02-10T16:04:54Z" name="Default test" finished-at="2024-02-10T16:04:56Z" duration-ms="1976">
      <class name="oauth.GetStudent">
        <test-method signature="test1()[pri:0, instance:oauth.GetStudent@3d246ea3]" started-at="2024-02-10T16:04:54Z" name="test1" finished-at="2024-02-10T16:04:56Z" duration-ms="1956" status="PASS">
          <reporter-output>
          </reporter-output>
        </test-method> <!-- test1 -->
      </class> <!-- oauth.GetStudent -->
    </test> <!-- Default test -->
  </suite> <!-- Default suite -->
</testng-results>
